<?xml version="1.0" encoding="UTF-8"?>
<!-- Generated by org.testng.reporters.JUnitReportReporter -->
<testsuite hostname="CISPL-IO-199.local" failures="0" tests="7" name="Test.BaseTest" time="29.835" errors="0" timestamp="2024-12-03T14:57:09 IST" skipped="0">
  <testcase classname="Test.BaseTest" name="signUpTest" time="6.213"/>
  <testcase classname="Test.BaseTest" name="loginTest" time="3.946"/>
  <testcase classname="Test.BaseTest" name="selectProductAndAddToCartTest" time="14.500"/>
  <testcase classname="Test.BaseTest" name="VerifyCartProducts" time="3.938"/>
  <testcase classname="Test.BaseTest" name="PurchaseWithoutFillingTheForm" time="0.669"/>
  <testcase classname="Test.BaseTest" name="PurchaseAfterFillingTheForm" time="0.533"/>
  <testcase classname="Test.BaseTest" name="VerifyOrderDetails" time="0.036"/>
</testsuite> <!-- Test.BaseTest -->
