<?xml version="1.0" encoding="UTF-8"?>
<!-- Generated by org.testng.reporters.JUnitReportReporter -->
<testsuite hostname="CISPL-IO-391.local" failures="0" tests="2" name="Test.RolexSEO" time="10.942" errors="0" timestamp="2023-10-30T16:14:46 IST" skipped="0">
  <testcase classname="Test.RolexSEO" name="SEO" time="0.127"/>
  <testcase classname="Test.RolexSEO" name="openLink" time="10.815"/>
</testsuite> <!-- Test.RolexSEO -->
