<?xml version="1.0" encoding="UTF-8"?>
<!-- Generated by org.testng.reporters.JUnitReportReporter -->
<testsuite hostname="CISPL-IO-199.local" failures="0" tests="1" name="OfferByAffiliatesFlowFireFoxBrowser" time="51.689" errors="0" timestamp="2024-11-26T19:16:06 IST" skipped="0">
  <testcase classname="OfferByAffiliatesFlowFireFoxBrowser" name="TrackingFirefox" time="51.689"/>
</testsuite> <!-- OfferByAffiliatesFlowFireFoxBrowser -->
