<?xml version="1.0" encoding="UTF-8"?>
<!-- Generated by org.testng.reporters.JUnitReportReporter -->
<testsuite hostname="CISPL-IO-391.local" failures="0" tests="1" name="Test.Demo" time="6.867" errors="0" timestamp="2024-01-09T20:05:56 IST" skipped="0">
  <testcase classname="Test.Demo" name="openGoogleInResponsiveMode" time="6.867"/>
</testsuite> <!-- Test.Demo -->
