<?xml version="1.0" encoding="UTF-8"?>
<!-- Generated by org.testng.reporters.JUnitReportReporter -->
<testsuite hostname="CISPL-IO-199.local" failures="0" tests="1" name="DeviceScrub" time="379.779" errors="0" timestamp="2024-04-02T12:34:44 IST" skipped="0">
  <testcase classname="DeviceScrub" name="TrackingChrome" time="379.779"/>
  <system-out/>
</testsuite> <!-- DeviceScrub -->
