<?xml version="1.0" encoding="UTF-8"?>
<!-- Generated by org.testng.reporters.JUnitReportReporter -->
<testsuite hostname="CISPL-IO-199.local" failures="0" tests="1" name="OnFirefox" time="522.405" errors="0" timestamp="2024-03-18T20:24:56 IST" skipped="0">
  <testcase classname="OnFirefox" name="TrackingFirefox" time="522.405"/>
  <system-out/>
</testsuite> <!-- OnFirefox -->
