<?xml version="1.0" encoding="UTF-8"?>
<!-- Generated by org.testng.reporters.JUnitReportReporter -->
<testsuite hostname="CISPL-IO-199.local" failures="0" tests="1" name="OfferByAffiliatesFlowChromeBrowser" time="11.973" errors="0" timestamp="2024-07-19T19:21:28 IST" skipped="0">
  <testcase classname="OfferByAffiliatesFlowChromeBrowser" name="TrackingFirefox" time="11.973"/>
</testsuite> <!-- OfferByAffiliatesFlowChromeBrowser -->
