<?xml version="1.0" encoding="UTF-8"?>
<!-- Generated by org.testng.reporters.JUnitReportReporter -->
<testsuite hostname="CISPL-IO-391.local" failures="0" tests="3" name="Test.SubmitOrderTest" time="33.212" errors="0" timestamp="2023-08-01T19:00:34 IST" skipped="0">
  <testcase classname="Test.SubmitOrderTest" name="SubmitOrder" time="12.148"/>
  <testcase classname="Test.SubmitOrderTest" name="orderHistory" time="7.797"/>
  <testcase classname="Test.SubmitOrderTest" name="SubmitOrder" time="13.267"/>
</testsuite> <!-- Test.SubmitOrderTest -->
