<?xml version="1.0" encoding="UTF-8"?>
<!-- Generated by org.testng.reporters.JUnitReportReporter -->
<testsuite hostname="CISPL-IO-199.local" failures="0" tests="1" name="OnChrome" time="494.054" errors="0" timestamp="2024-03-18T20:24:56 IST" skipped="0">
  <testcase classname="OnChrome" name="TrackingChrome" time="494.054"/>
  <system-out/>
</testsuite> <!-- OnChrome -->
