<?xml version="1.0" encoding="UTF-8"?>
<!-- Generated by org.testng.reporters.JUnitReportReporter -->
<testsuite hostname="CISPL-IO-391.local" failures="0" tests="2" name="Test.ErrorValidations" time="10.624" errors="0" timestamp="2023-08-01T19:00:34 IST" skipped="0">
  <testcase classname="Test.ErrorValidations" name="errorValidation" time="10.622"/>
  <testcase classname="Test.ErrorValidations" name="demo" time="0.002"/>
</testsuite> <!-- Test.ErrorValidations -->
