<?xml version="1.0" encoding="UTF-8"?>
<!-- Generated by org.testng.reporters.JUnitReportReporter -->
<testsuite hostname="CISPL-IO-199.local" failures="0" tests="2" name="SystematicScrubAutomationTestScriptDefault" time="467.399" errors="0" timestamp="2024-04-02T13:11:47 IST" skipped="0">
  <testcase classname="SystematicScrubAutomationTestScriptDefault" name="login" time="14.656"/>
  <system-out/>
  <testcase classname="SystematicScrubAutomationTestScriptDefault" name="TrackingChrome" time="452.743"/>
  <system-out/>
</testsuite> <!-- SystematicScrubAutomationTestScriptDefault -->
