<?xml version="1.0" encoding="UTF-8"?>
<!-- Generated by org.testng.reporters.JUnitReportReporter -->
<testsuite hostname="CISPL-IO-199.local" failures="0" tests="1" name="Demo" time="528.132" errors="0" timestamp="2024-03-18T18:36:37 IST" skipped="0">
  <testcase classname="Demo" name="Tracking" time="528.132"/>
  <system-out/>
</testsuite> <!-- Demo -->
