<?xml version="1.0" encoding="UTF-8"?>
<!-- Generated by org.testng.reporters.JUnitReportReporter -->
<testsuite hostname="CISPL-IO-199.local" failures="0" tests="7" name="Test.BaseTest" time="30.977" errors="0" timestamp="2024-07-22T13:35:09 IST" skipped="0">
  <testcase classname="Test.BaseTest" name="signUpTest" time="6.640"/>
  <system-out/>
  <testcase classname="Test.BaseTest" name="loginTest" time="4.215"/>
  <system-out/>
  <testcase classname="Test.BaseTest" name="selectProductAndAddToCartTest" time="14.860"/>
  <system-out/>
  <testcase classname="Test.BaseTest" name="VerifyCartProducts" time="3.979"/>
  <system-out/>
  <testcase classname="Test.BaseTest" name="PurchaseWithoutFillingTheForm" time="0.637"/>
  <system-out/>
  <testcase classname="Test.BaseTest" name="PurchaseAfterFillingTheForm" time="0.622"/>
  <system-out/>
  <testcase classname="Test.BaseTest" name="VerifyOrderDetails" time="0.024"/>
  <system-out/>
</testsuite> <!-- Test.BaseTest -->
